<?xml version="1.0" encoding="UTF-8"?>
<testsuite name="LongestPalindromeTest" tests="5" skipped="0" failures="0" errors="0" timestamp="2022-12-15T23:55:19" hostname="Brunos-MacBook-Pro.local" time="0.075">
  <properties/>
  <testcase name="testSingleCharacter()" classname="LongestPalindromeTest" time="0.048"/>
  <testcase name="test_bb()" classname="LongestPalindromeTest" time="0.007"/>
  <testcase name="testSinglePalindrome()" classname="LongestPalindromeTest" time="0.002"/>
  <testcase name="testMultiplePalindrome()" classname="LongestPalindromeTest" time="0.011"/>
  <testcase name="testTwoCharacters()" classname="LongestPalindromeTest" time="0.003"/>
  <system-out><![CDATA[]]></system-out>
  <system-err><![CDATA[]]></system-err>
</testsuite>
