<?xml version="1.0" encoding="UTF-8"?>
<testsuite name="HowSumTest" tests="1" skipped="0" failures="0" errors="0" timestamp="2022-12-27T23:49:47" hostname="Brunos-MacBook-Pro.local" time="0.055">
  <properties/>
  <testcase name="test_tabulation()" classname="HowSumTest" time="0.055"/>
  <system-out><![CDATA[]]></system-out>
  <system-err><![CDATA[]]></system-err>
</testsuite>
