<?xml version="1.0" encoding="UTF-8"?>
<testsuite name="LongestCommonPrefix" tests="1" skipped="0" failures="0" errors="0" timestamp="2022-12-07T00:42:25" hostname="Brunos-MacBook-Pro.local" time="0.059">
  <properties/>
  <testcase name="testGoodData02()" classname="LongestCommonPrefix" time="0.059"/>
  <system-out><![CDATA[]]></system-out>
  <system-err><![CDATA[]]></system-err>
</testsuite>
